  mmap.cpp
  msoket.cpp
C:\Users\Mustafa_Owner\Desktop\Proximity-Csgo-Project\Proximity_Loader\socket\msoket.cpp(313,20): warning C4018: '<': signed/unsigned mismatch
  DataHandler.cpp
  DataHandlerFuncs.cpp
  ProCr.cpp
C:\Users\Mustafa_Owner\Desktop\Proximity-Csgo-Project\Proximity_Loader\socket\procr\ProCr.cpp(31,28): warning C4267: 'argument': conversion from 'size_t' to 'const _Elem', possible loss of data
          with
          [
              _Elem=char
          ]
C:\Users\Mustafa_Owner\Desktop\Proximity-Csgo-Project\Proximity_Loader\socket\procr\ProCr.cpp(54,20): warning C4018: '<': signed/unsigned mismatch
C:\Users\Mustafa_Owner\Desktop\Proximity-Csgo-Project\Proximity_Loader\socket\procr\ProCr.cpp(56,23): warning C4018: '<': signed/unsigned mismatch
C:\Users\Mustafa_Owner\Desktop\Proximity-Csgo-Project\Proximity_Loader\socket\procr\ProCr.cpp(72,20): warning C4018: '<': signed/unsigned mismatch
C:\Users\Mustafa_Owner\Desktop\Proximity-Csgo-Project\Proximity_Loader\socket\procr\ProCr.cpp(82,24): warning C4018: '<': signed/unsigned mismatch
  ui.cc
C:\Users\Mustafa_Owner\Desktop\Proximity-Csgo-Project\Proximity_Loader\ui\ui.cc(44,18): warning C4244: 'argument': conversion from 'double' to 'float', possible loss of data
C:\Users\Mustafa_Owner\Desktop\Proximity-Csgo-Project\Proximity_Loader\ui\ui.cc(44,12): warning C4244: 'initializing': conversion from 'float' to 'int', possible loss of data
C:\Users\Mustafa_Owner\Desktop\Proximity-Csgo-Project\Proximity_Loader\ui\ui.cc(53,50): warning C4244: 'argument': conversion from 'double' to 'float', possible loss of data
C:\Users\Mustafa_Owner\Desktop\Proximity-Csgo-Project\Proximity_Loader\ui\ui.cc(54,15): warning C4244: 'argument': conversion from 'double' to 'float', possible loss of data
C:\Users\Mustafa_Owner\Desktop\Proximity-Csgo-Project\Proximity_Loader\ui\ui.cc(57,45): warning C4244: 'argument': conversion from 'int' to 'float', possible loss of data
  imgui.cpp
  imgui_demo.cpp
  imgui_draw.cpp
  imgui_impl_dx9.cpp
  imgui_impl_win32.cpp
  imgui_tables.cpp
  imgui_widgets.cpp
  main.cpp
C:\Users\Mustafa_Owner\Desktop\Proximity-Csgo-Project\Proximity_Loader\main.cpp(42,30): warning C4129: 'N': unrecognized character escape sequence
  vbypass.cpp
  Generating code
  Previous IPDB not found, fall back to full compilation.
C:\Users\Mustafa_Owner\Desktop\Proximity-Csgo-Project\Proximity_Loader\vac-bypass\VBMem.h(1390): warning C4715: 'RunPortableExecutable': not all control paths return a value
C:\Users\Mustafa_Owner\Desktop\Proximity-Csgo-Project\Proximity_Loader\ui\ui.cc(58): warning C4715: 'Spinner': not all control paths return a value
  All 3595 functions were compiled because no usable IPDB/IOBJ from previous compilation was found.
  Finished generating code
  ImGui Loader Base.vcxproj -> C:\Users\Mustafa_Owner\Desktop\Proximity-Csgo-Project\Proximity_Loader\Release\ImGui Loader base.exe
